<html>
<head>
<title>TestNG:  Default test</title>
<link href="../testng.css" rel="stylesheet" type="text/css" />
<link href="../my-testng.css" rel="stylesheet" type="text/css" />

<style type="text/css">
.log { display: none;} 
.stack-trace { display: none;} 
</style>
<script type="text/javascript">
<!--
function flip(e) {
  current = e.style.display;
  if (current == 'block') {
    e.style.display = 'none';
    return 0;
  }
  else {
    e.style.display = 'block';
    return 1;
  }
}

function toggleBox(szDivId, elem, msg1, msg2)
{
  var res = -1;  if (document.getElementById) {
    res = flip(document.getElementById(szDivId));
  }
  else if (document.all) {
    // this is the way old msie versions work
    res = flip(document.all[szDivId]);
  }
  if(elem) {
    if(res == 0) elem.innerHTML = msg1; else elem.innerHTML = msg2;
  }

}

function toggleAllBoxes() {
  if (document.getElementsByTagName) {
    d = document.getElementsByTagName('div');
    for (i = 0; i < d.length; i++) {
      if (d[i].className == 'log') {
        flip(d[i]);
      }
    }
  }
}

// -->
</script>

</head>
<body>
<h2 align='center'>Default test</h2><table border='1' align="center">
<tr>
<td>Tests passed/Failed/Skipped:</td><td>7/3/0</td>
</tr><tr>
<td>Started on:</td><td>Wed Dec 20 21:09:12 CET 2023</td>
</tr>
<tr><td>Total time:</td><td>51 seconds (51275 ms)</td>
</tr><tr>
<td>Included groups:</td><td></td>
</tr><tr>
<td>Excluded groups:</td><td></td>
</tr>
</table><p/>
<small><i>(Hover the method name to see the test class name)</i></small><p/>
<table width='100%' border='1' class='invocation-failed'>
<tr><td colspan='4' align='center'><b>FAILED TESTS</b></td></tr>
<tr><td><b>Test method</b></td>
<td><b>Attribute(s)</b></td>
<td width="30%"><b>Exception</b></td>
<td width="10%"><b>Time (seconds)</b></td>
<td><b>Instance</b></td>
</tr>
<tr>
<td title='runner.TestngTestRunner.runScenario()'><b>runScenario</b><br>Test class: runner.TestngTestRunner<br>Test method: Runs Cucumber Scenarios<br>Parameters: "Check if duplicate tasks can be added", "Validate Negative scenarios for the TODO app"</td>
<td><div><pre>java.lang.AssertionError: did not expect [2] but found [2]
	at org.testng.Assert.fail(Assert.java:111)
	at org.testng.Assert.failEquals(Assert.java:1582)
	at org.testng.Assert.assertNotEqualsImpl(Assert.java:157)
	at org.testng.Assert.assertNotEquals(Assert.java:2198)
	at org.testng.Assert.assertNotEquals(Assert.java:2220)
	at stepDefinitions.ToDoHomePageStepDefinition.duplicateTasks(ToDoHomePageStepDefinition.java:106)
	at ✽.Check if 2 Duplicate tasks are added(file:///C:/Users/vigne/Desktop/WoltersKluwers/ToDo/src/test/java/features/NegativeScenarios.feature:10)
</pre></div><a href='#' onClick='toggleBox("stack-trace1789376127", this, "Click to show all stack frames", "Click to hide stack frames")'>Click to show all stack frames</a>
<div class='stack-trace' id='stack-trace1789376127'><pre>java.lang.AssertionError: did not expect [2] but found [2]
	at org.testng.Assert.fail(Assert.java:111)
	at org.testng.Assert.failEquals(Assert.java:1582)
	at org.testng.Assert.assertNotEqualsImpl(Assert.java:157)
	at org.testng.Assert.assertNotEquals(Assert.java:2198)
	at org.testng.Assert.assertNotEquals(Assert.java:2220)
	at stepDefinitions.ToDoHomePageStepDefinition.duplicateTasks(ToDoHomePageStepDefinition.java:106)
	at ✽.Check if 2 Duplicate tasks are added(file:///C:/Users/vigne/Desktop/WoltersKluwers/ToDo/src/test/java/features/NegativeScenarios.feature:10)
</pre></div></td>
<td>3</td>
<td>runner.TestngTestRunner@185a6e9</td></tr>
<tr>
<td title='runner.TestngTestRunner.runScenario()'><b>runScenario</b><br>Test class: runner.TestngTestRunner<br>Test method: Runs Cucumber Scenarios<br>Parameters: "Check if the tasks can be deleted using cross button", "Validate Positive E2E scenarios & functionalities of the TODO app"</td>
<td><div><pre>org.openqa.selenium.ElementNotInteractableException: element not interactable
  (Session info: chrome=120.0.6099.110)
Build info: version: &apos;4.16.1&apos;, revision: &apos;9b4c83354e&apos;
System info: os.name: &apos;Windows 11&apos;, os.arch: &apos;amd64&apos;, os.version: &apos;10.0&apos;, java.version: &apos;17.0.9&apos;
Driver info: org.openqa.selenium.chrome.ChromeDriver
Command: [fa87a94d889e1dba36bd2f181eaf22c2, clickElement {id=0E7BA4BB67526D152A0F74D340575ED2_element_26}]
Capabilities {acceptInsecureCerts: false, browserName: chrome, browserVersion: 120.0.6099.110, chrome: {chromedriverVersion: 119.0.6045.105 (38c72552c5e..., userDataDir: C:\Users\vigne\AppData\Loca...}, fedcm:accounts: true, goog:chromeOptions: {debuggerAddress: localhost:63133}, networkConnectionEnabled: false, pageLoadStrategy: normal, platformName: windows, proxy: Proxy(), se:cdp: ws://localhost:63133/devtoo..., se:cdpVersion: 120.0.6099.110, setWindowRect: true, strictFileInteractability: false, timeouts: {implicit: 0, pageLoad: 300000, script: 30000}, unhandledPromptBehavior: dismiss and notify, webauthn:extension:credBlob: true, webauthn:extension:largeBlob: true, webauthn:extension:minPinLength: true, webauthn:extension:prf: true, webauthn:virtualAuthenticators: true}
Element: [[ChromeDriver: chrome on windows (fa87a94d889e1dba36bd2f181eaf22c2)] -&gt; xpath: //button[@class=&apos;destroy&apos;]]
Session ID: fa87a94d889e1dba36bd2f181eaf22c2
	at java.base/jdk.internal.reflect.NativeConstructorAccessorImpl.newInstance0(Native Method)
	at java.base/jdk.internal.reflect.NativeConstructorAccessorImpl.newInstance(NativeConstructorAccessorImpl.java:77)
	at java.base/jdk.internal.reflect.DelegatingConstructorAccessorImpl.newInstance(DelegatingConstructorAccessorImpl.java:45)
	at java.base/java.lang.reflect.Constructor.newInstanceWithCaller(Constructor.java:499)
	at java.base/java.lang.reflect.Constructor.newInstance(Constructor.java:480)
	at org.openqa.selenium.remote.codec.w3c.W3CHttpResponseCodec.createException(W3CHttpResponseCodec.java:200)
	at org.openqa.selenium.remote.codec.w3c.W3CHttpResponseCodec.decode(W3CHttpResponseCodec.java:133)
	at org.openqa.selenium.remote.codec.w3c.W3CHttpResponseCodec.decode(W3CHttpResponseCodec.java:52)
	at org.openqa.selenium.remote.HttpCommandExecutor.execute(HttpCommandExecutor.java:191)
	at org.openqa.selenium.remote.service.DriverCommandExecutor.invokeExecute(DriverCommandExecutor.java:200)
	at org.openqa.selenium.remote.service.DriverCommandExecutor.execute(DriverCommandExecutor.java:175)
	at org.openqa.selenium.remote.RemoteWebDriver.execute(RemoteWebDriver.java:523)
	at org.openqa.selenium.remote.RemoteWebElement.execute(RemoteWebElement.java:224)
	at org.openqa.selenium.remote.RemoteWebElement.click(RemoteWebElement.java:77)
	at pageObjects.ToDoHomePage.clickDestroy(ToDoHomePage.java:68)
	at stepDefinitions.ToDoHomePageStepDefinition.deleteTasks(ToDoHomePageStepDefinition.java:74)
	at ✽.User deletes all tasks 5(file:///C:/Users/vigne/Desktop/WoltersKluwers/ToDo/src/test/java/features/PositiveScenarios.feature:34)
</pre></div><a href='#' onClick='toggleBox("stack-trace1808652004", this, "Click to show all stack frames", "Click to hide stack frames")'>Click to show all stack frames</a>
<div class='stack-trace' id='stack-trace1808652004'><pre>org.openqa.selenium.ElementNotInteractableException: element not interactable
  (Session info: chrome=120.0.6099.110)
Build info: version: &apos;4.16.1&apos;, revision: &apos;9b4c83354e&apos;
System info: os.name: &apos;Windows 11&apos;, os.arch: &apos;amd64&apos;, os.version: &apos;10.0&apos;, java.version: &apos;17.0.9&apos;
Driver info: org.openqa.selenium.chrome.ChromeDriver
Command: [fa87a94d889e1dba36bd2f181eaf22c2, clickElement {id=0E7BA4BB67526D152A0F74D340575ED2_element_26}]
Capabilities {acceptInsecureCerts: false, browserName: chrome, browserVersion: 120.0.6099.110, chrome: {chromedriverVersion: 119.0.6045.105 (38c72552c5e..., userDataDir: C:\Users\vigne\AppData\Loca...}, fedcm:accounts: true, goog:chromeOptions: {debuggerAddress: localhost:63133}, networkConnectionEnabled: false, pageLoadStrategy: normal, platformName: windows, proxy: Proxy(), se:cdp: ws://localhost:63133/devtoo..., se:cdpVersion: 120.0.6099.110, setWindowRect: true, strictFileInteractability: false, timeouts: {implicit: 0, pageLoad: 300000, script: 30000}, unhandledPromptBehavior: dismiss and notify, webauthn:extension:credBlob: true, webauthn:extension:largeBlob: true, webauthn:extension:minPinLength: true, webauthn:extension:prf: true, webauthn:virtualAuthenticators: true}
Element: [[ChromeDriver: chrome on windows (fa87a94d889e1dba36bd2f181eaf22c2)] -&gt; xpath: //button[@class=&apos;destroy&apos;]]
Session ID: fa87a94d889e1dba36bd2f181eaf22c2
	at java.base/jdk.internal.reflect.NativeConstructorAccessorImpl.newInstance0(Native Method)
	at java.base/jdk.internal.reflect.NativeConstructorAccessorImpl.newInstance(NativeConstructorAccessorImpl.java:77)
	at java.base/jdk.internal.reflect.DelegatingConstructorAccessorImpl.newInstance(DelegatingConstructorAccessorImpl.java:45)
	at java.base/java.lang.reflect.Constructor.newInstanceWithCaller(Constructor.java:499)
	at java.base/java.lang.reflect.Constructor.newInstance(Constructor.java:480)
	at org.openqa.selenium.remote.codec.w3c.W3CHttpResponseCodec.createException(W3CHttpResponseCodec.java:200)
	at org.openqa.selenium.remote.codec.w3c.W3CHttpResponseCodec.decode(W3CHttpResponseCodec.java:133)
	at org.openqa.selenium.remote.codec.w3c.W3CHttpResponseCodec.decode(W3CHttpResponseCodec.java:52)
	at org.openqa.selenium.remote.HttpCommandExecutor.execute(HttpCommandExecutor.java:191)
	at org.openqa.selenium.remote.service.DriverCommandExecutor.invokeExecute(DriverCommandExecutor.java:200)
	at org.openqa.selenium.remote.service.DriverCommandExecutor.execute(DriverCommandExecutor.java:175)
	at org.openqa.selenium.remote.RemoteWebDriver.execute(RemoteWebDriver.java:523)
	at org.openqa.selenium.remote.RemoteWebElement.execute(RemoteWebElement.java:224)
	at org.openqa.selenium.remote.RemoteWebElement.click(RemoteWebElement.java:77)
	at pageObjects.ToDoHomePage.clickDestroy(ToDoHomePage.java:68)
	at stepDefinitions.ToDoHomePageStepDefinition.deleteTasks(ToDoHomePageStepDefinition.java:74)
	at ✽.User deletes all tasks 5(file:///C:/Users/vigne/Desktop/WoltersKluwers/ToDo/src/test/java/features/PositiveScenarios.feature:34)
</pre></div></td>
<td>7</td>
<td>runner.TestngTestRunner@185a6e9</td></tr>
<tr>
<td title='runner.TestngTestRunner.runScenario()'><b>runScenario</b><br>Test class: runner.TestngTestRunner<br>Test method: Runs Cucumber Scenarios<br>Parameters: "Refreshing browser window holds the data entered", "Validate Negative scenarios for the TODO app"</td>
<td><div><pre>org.openqa.selenium.ElementNotInteractableException: element not interactable
  (Session info: chrome=120.0.6099.110)
Build info: version: &apos;4.16.1&apos;, revision: &apos;9b4c83354e&apos;
System info: os.name: &apos;Windows 11&apos;, os.arch: &apos;amd64&apos;, os.version: &apos;10.0&apos;, java.version: &apos;17.0.9&apos;
Driver info: org.openqa.selenium.chrome.ChromeDriver
Command: [47ae834939dc5f07c57fb76626347c1d, clickElement {id=D5654C2F2C1CFE71E2243C8C49077B53_element_44}]
Capabilities {acceptInsecureCerts: false, browserName: chrome, browserVersion: 120.0.6099.110, chrome: {chromedriverVersion: 119.0.6045.105 (38c72552c5e..., userDataDir: C:\Users\vigne\AppData\Loca...}, fedcm:accounts: true, goog:chromeOptions: {debuggerAddress: localhost:63049}, networkConnectionEnabled: false, pageLoadStrategy: normal, platformName: windows, proxy: Proxy(), se:cdp: ws://localhost:63049/devtoo..., se:cdpVersion: 120.0.6099.110, setWindowRect: true, strictFileInteractability: false, timeouts: {implicit: 0, pageLoad: 300000, script: 30000}, unhandledPromptBehavior: dismiss and notify, webauthn:extension:credBlob: true, webauthn:extension:largeBlob: true, webauthn:extension:minPinLength: true, webauthn:extension:prf: true, webauthn:virtualAuthenticators: true}
Element: [[ChromeDriver: chrome on windows (47ae834939dc5f07c57fb76626347c1d)] -&gt; xpath: //button[@class=&apos;destroy&apos;]]
Session ID: 47ae834939dc5f07c57fb76626347c1d
	at java.base/jdk.internal.reflect.NativeConstructorAccessorImpl.newInstance0(Native Method)
	at java.base/jdk.internal.reflect.NativeConstructorAccessorImpl.newInstance(NativeConstructorAccessorImpl.java:77)
	at java.base/jdk.internal.reflect.DelegatingConstructorAccessorImpl.newInstance(DelegatingConstructorAccessorImpl.java:45)
	at java.base/java.lang.reflect.Constructor.newInstanceWithCaller(Constructor.java:499)
	at java.base/java.lang.reflect.Constructor.newInstance(Constructor.java:480)
	at org.openqa.selenium.remote.codec.w3c.W3CHttpResponseCodec.createException(W3CHttpResponseCodec.java:200)
	at org.openqa.selenium.remote.codec.w3c.W3CHttpResponseCodec.decode(W3CHttpResponseCodec.java:133)
	at org.openqa.selenium.remote.codec.w3c.W3CHttpResponseCodec.decode(W3CHttpResponseCodec.java:52)
	at org.openqa.selenium.remote.HttpCommandExecutor.execute(HttpCommandExecutor.java:191)
	at org.openqa.selenium.remote.service.DriverCommandExecutor.invokeExecute(DriverCommandExecutor.java:200)
	at org.openqa.selenium.remote.service.DriverCommandExecutor.execute(DriverCommandExecutor.java:175)
	at org.openqa.selenium.remote.RemoteWebDriver.execute(RemoteWebDriver.java:523)
	at org.openqa.selenium.remote.RemoteWebElement.execute(RemoteWebElement.java:224)
	at org.openqa.selenium.remote.RemoteWebElement.click(RemoteWebElement.java:77)
	at pageObjects.ToDoHomePage.clickDestroy(ToDoHomePage.java:68)
	at stepDefinitions.ToDoHomePageStepDefinition.deleteTasks(ToDoHomePageStepDefinition.java:74)
	at ✽.User deletes all tasks 3(file:///C:/Users/vigne/Desktop/WoltersKluwers/ToDo/src/test/java/features/NegativeScenarios.feature:46)
</pre></div><a href='#' onClick='toggleBox("stack-trace841090268", this, "Click to show all stack frames", "Click to hide stack frames")'>Click to show all stack frames</a>
<div class='stack-trace' id='stack-trace841090268'><pre>org.openqa.selenium.ElementNotInteractableException: element not interactable
  (Session info: chrome=120.0.6099.110)
Build info: version: &apos;4.16.1&apos;, revision: &apos;9b4c83354e&apos;
System info: os.name: &apos;Windows 11&apos;, os.arch: &apos;amd64&apos;, os.version: &apos;10.0&apos;, java.version: &apos;17.0.9&apos;
Driver info: org.openqa.selenium.chrome.ChromeDriver
Command: [47ae834939dc5f07c57fb76626347c1d, clickElement {id=D5654C2F2C1CFE71E2243C8C49077B53_element_44}]
Capabilities {acceptInsecureCerts: false, browserName: chrome, browserVersion: 120.0.6099.110, chrome: {chromedriverVersion: 119.0.6045.105 (38c72552c5e..., userDataDir: C:\Users\vigne\AppData\Loca...}, fedcm:accounts: true, goog:chromeOptions: {debuggerAddress: localhost:63049}, networkConnectionEnabled: false, pageLoadStrategy: normal, platformName: windows, proxy: Proxy(), se:cdp: ws://localhost:63049/devtoo..., se:cdpVersion: 120.0.6099.110, setWindowRect: true, strictFileInteractability: false, timeouts: {implicit: 0, pageLoad: 300000, script: 30000}, unhandledPromptBehavior: dismiss and notify, webauthn:extension:credBlob: true, webauthn:extension:largeBlob: true, webauthn:extension:minPinLength: true, webauthn:extension:prf: true, webauthn:virtualAuthenticators: true}
Element: [[ChromeDriver: chrome on windows (47ae834939dc5f07c57fb76626347c1d)] -&gt; xpath: //button[@class=&apos;destroy&apos;]]
Session ID: 47ae834939dc5f07c57fb76626347c1d
	at java.base/jdk.internal.reflect.NativeConstructorAccessorImpl.newInstance0(Native Method)
	at java.base/jdk.internal.reflect.NativeConstructorAccessorImpl.newInstance(NativeConstructorAccessorImpl.java:77)
	at java.base/jdk.internal.reflect.DelegatingConstructorAccessorImpl.newInstance(DelegatingConstructorAccessorImpl.java:45)
	at java.base/java.lang.reflect.Constructor.newInstanceWithCaller(Constructor.java:499)
	at java.base/java.lang.reflect.Constructor.newInstance(Constructor.java:480)
	at org.openqa.selenium.remote.codec.w3c.W3CHttpResponseCodec.createException(W3CHttpResponseCodec.java:200)
	at org.openqa.selenium.remote.codec.w3c.W3CHttpResponseCodec.decode(W3CHttpResponseCodec.java:133)
	at org.openqa.selenium.remote.codec.w3c.W3CHttpResponseCodec.decode(W3CHttpResponseCodec.java:52)
	at org.openqa.selenium.remote.HttpCommandExecutor.execute(HttpCommandExecutor.java:191)
	at org.openqa.selenium.remote.service.DriverCommandExecutor.invokeExecute(DriverCommandExecutor.java:200)
	at org.openqa.selenium.remote.service.DriverCommandExecutor.execute(DriverCommandExecutor.java:175)
	at org.openqa.selenium.remote.RemoteWebDriver.execute(RemoteWebDriver.java:523)
	at org.openqa.selenium.remote.RemoteWebElement.execute(RemoteWebElement.java:224)
	at org.openqa.selenium.remote.RemoteWebElement.click(RemoteWebElement.java:77)
	at pageObjects.ToDoHomePage.clickDestroy(ToDoHomePage.java:68)
	at stepDefinitions.ToDoHomePageStepDefinition.deleteTasks(ToDoHomePageStepDefinition.java:74)
	at ✽.User deletes all tasks 3(file:///C:/Users/vigne/Desktop/WoltersKluwers/ToDo/src/test/java/features/NegativeScenarios.feature:46)
</pre></div></td>
<td>7</td>
<td>runner.TestngTestRunner@185a6e9</td></tr>
</table><p>
<table width='100%' border='1' class='invocation-passed'>
<tr><td colspan='4' align='center'><b>PASSED TESTS</b></td></tr>
<tr><td><b>Test method</b></td>
<td><b>Attribute(s)</b></td>
<td width="30%"><b>Exception</b></td>
<td width="10%"><b>Time (seconds)</b></td>
<td><b>Instance</b></td>
</tr>
<tr>
<td title='runner.TestngTestRunner.runScenario()'><b>runScenario</b><br>Test class: runner.TestngTestRunner<br>Test method: Runs Cucumber Scenarios<br>Parameters: "Check if the tasks can be marked done using toggle button", "Validate Positive E2E scenarios & functionalities of the TODO app"</td>
<td></td>
<td>2</td>
<td>runner.TestngTestRunner@185a6e9</td></tr>
<tr>
<td title='runner.TestngTestRunner.runScenario()'><b>runScenario</b><br>Test class: runner.TestngTestRunner<br>Test method: Runs Cucumber Scenarios<br>Parameters: "Validate the UI , Header, InputBox & Footer links", "Validate Positive E2E scenarios & functionalities of the TODO app"</td>
<td></td>
<td>2</td>
<td>runner.TestngTestRunner@185a6e9</td></tr>
<tr>
<td title='runner.TestngTestRunner.runScenario()'><b>runScenario</b><br>Test class: runner.TestngTestRunner<br>Test method: Runs Cucumber Scenarios<br>Parameters: "Checks if the tasks completed can be Cleared", "Validate Positive E2E scenarios & functionalities of the TODO app"</td>
<td></td>
<td>12</td>
<td>runner.TestngTestRunner@185a6e9</td></tr>
<tr>
<td title='runner.TestngTestRunner.runScenario()'><b>runScenario</b><br>Test class: runner.TestngTestRunner<br>Test method: Runs Cucumber Scenarios<br>Parameters: "Check if blank characters, spaces can be added to todo tasks", "Validate Negative scenarios for the TODO app"</td>
<td></td>
<td>6</td>
<td>runner.TestngTestRunner@185a6e9</td></tr>
<tr>
<td title='runner.TestngTestRunner.runScenario()'><b>runScenario</b><br>Test class: runner.TestngTestRunner<br>Test method: Runs Cucumber Scenarios<br>Parameters: "Add tasks to the app and validate the count of tasks to be done", "Validate Positive E2E scenarios & functionalities of the TODO app"</td>
<td></td>
<td>2</td>
<td>runner.TestngTestRunner@185a6e9</td></tr>
<tr>
<td title='runner.TestngTestRunner.runScenario()'><b>runScenario</b><br>Test class: runner.TestngTestRunner<br>Test method: Runs Cucumber Scenarios<br>Parameters: "Check if a done task can be unchecked and change reflects", "Validate Positive E2E scenarios & functionalities of the TODO app"</td>
<td></td>
<td>2</td>
<td>runner.TestngTestRunner@185a6e9</td></tr>
<tr>
<td title='runner.TestngTestRunner.runScenario()'><b>runScenario</b><br>Test class: runner.TestngTestRunner<br>Test method: Runs Cucumber Scenarios<br>Parameters: "Check Minimum and Maximum characters input to the todo app", "Validate Negative scenarios for the TODO app"</td>
<td></td>
<td>2</td>
<td>runner.TestngTestRunner@185a6e9</td></tr>
</table><p>
</body>
</html>